{"logTime": "0605/002300", "correlationVector":"5ad2QUmZe611qWp+CK65Aw.1","action":"SyncServerConnectionManagerRequest", "result":"SYNC_SERVER_OK", "context":{"environment":"Prod_australiaeast_prod-s01-011-apac-australiaeast", "migrationStage":"NotStarted", "server":"akswtt02900001a"}}
{"logTime": "0605/002300", "correlationVector":"5ad2QUmZe611qWp+CK65Aw.2","action":"ProcessGetUpdates", "result":"Done", "context":{"dataType":"Encryption Keys", "deleted":"0", "process_failed_to_decrypt":"0", "process_pending_decryption":"0", "process_success":"1", "total":"1"}}
{"logTime": "0605/002302", "correlationVector":"pBb+qClpipXjrsgGUoD8Sb","action":"SyncServerConnectionManagerRequest", "result":"SYNC_SERVER_OK", "context":{"environment":"", "migrationStage":"", "server":""}}
{"logTime": "0605/002302", "correlationVector":"pBb+qClpipXjrsgGUoD8Sb.0","action":"EncryptionKeysFetcher.DownloadKeys:", "result":"Success", "context":Key count: 10, Last key timestamp: 2026-05-10T08:19:19Z}
{"logTime": "0605/002302", "correlationVector":"pBb+qClpipXjrsgGUoD8Sb.1","action":"EncryptionKeysManager::SetEncryptionKeys:", "result":"Success", "context":Key names[10]:[g61H11GmEbvhCDZ6S4JQ8LfB1KKgh3oU6KzTRyy+kxWw1m8DTjFi4yQk8glouH4eMpIgg9aCmh6EyUODHz7kPQ==][9b3RYpjh/6DKC7uLqWRVLBdRB7UdeVg/PCe6T7B7Oh+kNMT8dBcBfhnM1IwSAFfKC3J0sIh06PAPWVD6xlTsBA==][x8AGj6JpLoG4nFZhJQnEVKn6McyNhFJRIDyTSaZP5jX2ZGcvrYVD4btxgzmCLauG6iocu6++gOl6BdPkvEZxnw==][nSwNUdeQElCHkmVcjU07fZd93xtwCc969s8u5JnEsNGX6B90pz60AbvMfUFrFWXcA3znarJU2eN+qpFhJ1cUIQ==][f8fi6VnINysA6VIqw//GxYwsuYwu2e5HsX4itivzpJCpEv8/QHyj0GOSDPjolRClr5YzDULbTPMmpVTAz31v+w==][Yg27E7RM3qlhYkbMjDOpWxmMOZPti7A6MSqqXbXbJlkU8hJ4XcuVBpXX7yHM1onJhsR6o9+39UHqofNtANJocg==][m4iuWshCOhduGGOAqyTIO5aOumkIYUoPl09maBt/6Xv1oqZVMwKBz6YDSkBFjC7hi7rJz+TMnbDK9eHq9qWRpg==][YplykMN4wxbZzCGanjIAw5nU7JYsAoa25KJQ3qkFE1hv4sGxA1D6A2xtRuSXnvw978cEyZql61N55LK0xsEAhg==][Q2tItSBteM7zmbrejM6ERRBVKGz8YJQ7qZ1K4EHtDFpbwubFLzru8gqzfhmyaCFQ31toiJtJFQmfdvPZ8xSr1A==][1CeHG2tS1EHuvEPCDsbemfn5zbcfIfOL4y4rJflLhpLPxXVEaVK1l5Wt0nnS6rz8pt7FRsqjHOUjmKICkLM86g==]}
{"logTime": "0605/002302", "correlationVector":"pBb+qClpipXjrsgGUoD8Sb.2","action":"EncryptionKeysManager::SetEncryptionKeysWithTimestamps:", "result":"Success", "context":Key timestamps[10]:[2023-02-21T20:13:30Z][2023-08-21T02:41:51Z][2024-02-17T21:23:06Z][2024-08-16T00:53:18Z][2025-02-12T09:32:14Z][2025-03-28T02:09:25Z][2025-05-12T10:17:36Z][2025-11-09T00:59:22Z][2026-05-08T21:49:19Z][2026-05-10T08:19:19Z]}
{"logTime": "0605/002302", "correlationVector":"5ad2QUmZe611qWp+CK65Aw","action":"Initial GetUpdates", "result":"", "context":Reason: NEW_CLIENT. cV=5ad2QUmZe611qWp+CK65Aw}
{"logTime": "0605/002302", "correlationVector":"5ad2QUmZe611qWp+CK65Aw.3","action":"GetUpdates Response", "result":"Success", "context":Received 1 update(s). cV=5ad2QUmZe611qWp+CK65Aw.0;server=akswtt02900001a;cloudType=Consumer;environment=Prod_australiaeast_prod-s01-011-apac-australiaeast;migrationStage=NotStarted}
{"logTime": "0605/002302", "correlationVector":"pDPWHo/ByTXn4wPQ4/eSUq","action":"Initial GetUpdates", "result":"", "context":Reason: NEWLY_SUPPORTED_DATATYPE. cV=pDPWHo/ByTXn4wPQ4/eSUq}
{"logTime": "0605/002303", "correlationVector":"pDPWHo/ByTXn4wPQ4/eSUq.1","action":"SyncServerConnectionManagerRequest", "result":"SYNC_SERVER_OK", "context":{"environment":"Prod_australiaeast_prod-s01-011-apac-australiaeast", "migrationStage":"NotStarted", "server":"akswtt02900000y"}}
{"logTime": "0605/002303", "correlationVector":"pDPWHo/ByTXn4wPQ4/eSUq.2","action":"ProcessGetUpdates", "result":"Done", "context":{"dataType":"Preferences", "deleted":"0", "process_failed_to_decrypt":"0", "process_pending_decryption":"0", "process_success":"101", "total":"101"}}
{"logTime": "0605/002303", "correlationVector":"pDPWHo/ByTXn4wPQ4/eSUq.3","action":"ProcessGetUpdates", "result":"Done", "context":{"dataType":"Passwords", "deleted":"2", "process_failed_to_decrypt":"0", "process_pending_decryption":"0", "process_success":"145", "total":"145"}}
{"logTime": "0605/002303", "correlationVector":"pDPWHo/ByTXn4wPQ4/eSUq.4","action":"ProcessGetUpdates", "result":"Done", "context":{"dataType":"Device Info", "deleted":"0", "process_failed_to_decrypt":"0", "process_pending_decryption":"0", "process_success":"4", "total":"4"}}
{"logTime": "0605/002303", "correlationVector":"pDPWHo/ByTXn4wPQ4/eSUq.5","action":"GetUpdates Response", "result":"Success", "context":Received 250 update(s). cV=pDPWHo/ByTXn4wPQ4/eSUq.0;server=akswtt02900000y;cloudType=Consumer;environment=Prod_australiaeast_prod-s01-011-apac-australiaeast;migrationStage=NotStarted Some updates remain.}
{"logTime": "0605/002303", "correlationVector":"+ay+eiUWkcc7pfclA2w8El","action":"Initial GetUpdates", "result":"", "context":Reason: NEWLY_SUPPORTED_DATATYPE. cV=+ay+eiUWkcc7pfclA2w8El}
{"logTime": "0605/002304", "correlationVector":"+ay+eiUWkcc7pfclA2w8El.1","action":"SyncServerConnectionManagerRequest", "result":"SYNC_SERVER_OK", "context":{"environment":"Prod_australiaeast_prod-s01-011-apac-australiaeast", "migrationStage":"NotStarted", "server":"akswtt02900000y"}}
{"logTime": "0605/002304", "correlationVector":"+ay+eiUWkcc7pfclA2w8El.2","action":"ProcessGetUpdates", "result":"Done", "context":{"dataType":"Preferences", "deleted":"0", "process_failed_to_decrypt":"0", "process_pending_decryption":"0", "process_success":"9", "total":"9"}}
{"logTime": "0605/002304", "correlationVector":"+ay+eiUWkcc7pfclA2w8El.3","action":"ProcessGetUpdates", "result":"Done", "context":{"dataType":"Passwords", "deleted":"0", "process_failed_to_decrypt":"0", "process_pending_decryption":"0", "process_success":"49", "total":"49"}}
{"logTime": "0605/002304", "correlationVector":"+ay+eiUWkcc7pfclA2w8El.4","action":"ProcessGetUpdates", "result":"Done", "context":{"dataType":"Device Info", "deleted":"0", "process_failed_to_decrypt":"0", "process_pending_decryption":"0", "process_success":"1", "total":"1"}}
{"logTime": "0605/002304", "correlationVector":"+ay+eiUWkcc7pfclA2w8El.5","action":"GetUpdates Response", "result":"Success", "context":Received 59 update(s). cV=+ay+eiUWkcc7pfclA2w8El.0;server=akswtt02900000y;cloudType=Consumer;environment=Prod_australiaeast_prod-s01-011-apac-australiaeast;migrationStage=NotStarted}
{"logTime": "0605/002304", "correlationVector":"gdGqUCbX3fKHqnHf2xmA2R","action":"Initial GetUpdates", "result":"", "context":Reason: NEWLY_SUPPORTED_DATATYPE. cV=gdGqUCbX3fKHqnHf2xmA2R}
{"logTime": "0605/002305", "correlationVector":"gdGqUCbX3fKHqnHf2xmA2R.1","action":"SyncServerConnectionManagerRequest", "result":"SYNC_SERVER_OK", "context":{"environment":"Prod_australiaeast_prod-s01-011-apac-australiaeast", "migrationStage":"NotStarted", "server":"akswtt029000017"}}
{"logTime": "0605/002305", "correlationVector":"gdGqUCbX3fKHqnHf2xmA2R.2","action":"ProcessGetUpdates", "result":"Done", "context":{"dataType":"Bookmarks", "deleted":"0", "process_failed_to_decrypt":"0", "process_pending_decryption":"0", "process_success":"100", "total":"100"}}
{"logTime": "0605/002305", "correlationVector":"gdGqUCbX3fKHqnHf2xmA2R.3","action":"GetUpdates Response", "result":"Success", "context":Received 100 update(s). cV=gdGqUCbX3fKHqnHf2xmA2R.0;server=akswtt029000017;cloudType=Consumer;environment=Prod_australiaeast_prod-s01-011-apac-australiaeast;migrationStage=NotStarted}
{"logTime": "0605/002305", "correlationVector":"cGj3pSv4YME6GqbDEkn5ke","action":"Initial GetUpdates", "result":"", "context":Reason: NEWLY_SUPPORTED_DATATYPE. cV=cGj3pSv4YME6GqbDEkn5ke}
{"logTime": "0605/002307", "correlationVector":"cGj3pSv4YME6GqbDEkn5ke.1","action":"SyncServerConnectionManagerRequest", "result":"SYNC_SERVER_OK", "context":{"environment":"Prod_australiaeast_prod-s01-011-apac-australiaeast", "migrationStage":"NotStarted", "server":"akswtt029000019"}}
{"logTime": "0605/002307", "correlationVector":"cGj3pSv4YME6GqbDEkn5ke.2","action":"ProcessGetUpdates", "result":"Done", "context":{"dataType":"Autofill", "deleted":"0", "process_failed_to_decrypt":"0", "process_pending_decryption":"0", "process_success":"166", "total":"166"}}
{"logTime": "0605/002307", "correlationVector":"cGj3pSv4YME6GqbDEkn5ke.3","action":"ProcessGetUpdates", "result":"Done", "context":{"dataType":"Extensions", "deleted":"0", "process_failed_to_decrypt":"0", "process_pending_decryption":"0", "process_success":"1", "total":"1"}}
{"logTime": "0605/002307", "correlationVector":"cGj3pSv4YME6GqbDEkn5ke.4","action":"ProcessGetUpdates", "result":"Done", "context":{"dataType":"Extension settings", "deleted":"0", "process_failed_to_decrypt":"0", "process_pending_decryption":"0", "process_success":"22", "total":"22"}}
{"logTime": "0605/002307", "correlationVector":"cGj3pSv4YME6GqbDEkn5ke.5","action":"ProcessGetUpdates", "result":"Done", "context":{"dataType":"Saved Tab Group", "deleted":"61", "process_failed_to_decrypt":"0", "process_pending_decryption":"0", "process_success":"61", "total":"61"}}
{"logTime": "0605/002307", "correlationVector":"cGj3pSv4YME6GqbDEkn5ke.6","action":"GetUpdates Response", "result":"Success", "context":Received 250 update(s). cV=cGj3pSv4YME6GqbDEkn5ke.0;server=akswtt029000019;cloudType=Consumer;environment=Prod_australiaeast_prod-s01-011-apac-australiaeast;migrationStage=NotStarted Some updates remain.}
{"logTime": "0605/002307", "correlationVector":"50S++Jx7waZBn2SPqbJtId","action":"Initial GetUpdates", "result":"", "context":Reason: NEWLY_SUPPORTED_DATATYPE. cV=50S++Jx7waZBn2SPqbJtId}
{"logTime": "0605/002308", "correlationVector":"50S++Jx7waZBn2SPqbJtId.1","action":"SyncServerConnectionManagerRequest", "result":"SYNC_SERVER_OK", "context":{"environment":"Prod_australiaeast_prod-s01-011-apac-australiaeast", "migrationStage":"NotStarted", "server":"akswtt029000004"}}
{"logTime": "0605/002308", "correlationVector":"50S++Jx7waZBn2SPqbJtId.2","action":"ProcessGetUpdates", "result":"Done", "context":{"dataType":"Autofill", "deleted":"0", "process_failed_to_decrypt":"0", "process_pending_decryption":"0", "process_success":"250", "total":"250"}}
{"logTime": "0605/002308", "correlationVector":"50S++Jx7waZBn2SPqbJtId.3","action":"GetUpdates Response", "result":"Success", "context":Received 250 update(s). cV=50S++Jx7waZBn2SPqbJtId.0;server=akswtt029000004;cloudType=Consumer;environment=Prod_australiaeast_prod-s01-011-apac-australiaeast;migrationStage=NotStarted Some updates remain.}
{"logTime": "0605/002308", "correlationVector":"Am5bRdlamr/zq8jbLAZX5K","action":"Initial GetUpdates", "result":"", "context":Reason: NEWLY_SUPPORTED_DATATYPE. cV=Am5bRdlamr/zq8jbLAZX5K}
{"logTime": "0605/002309", "correlationVector":"Am5bRdlamr/zq8jbLAZX5K","action":"SyncServerConnectionManagerRequest", "result":"CONNECTION_UNAVAILABLE", "context":{"error_type":"net_error_code", "error_value":"-3"}}
